
INFO [2023-11-12T09:44:18.259Z]: opened
INFO [2023-11-12T09:44:18.259Z]: {"agent":"cosine-vscode","version":"1.0.7","package":"@cosine/analytics","token":"1803ee20efed77dfecbf705fb8dc4c18","mp_lib":"node","$lib_version":"0.17.0"}
INFO [2023-11-12T09:46:03.446Z]: Set User: vrudyk@ragnarok.group
INFO [2023-11-12T09:46:03.446Z]: {"Telemetry":true}
INFO [2023-11-12T09:46:05.085Z]: extension_initialized
INFO [2023-11-12T09:46:05.085Z]: {"timeToInit":4569,"agent":"cosine-vscode","version":"1.0.7","package":"@cosine/analytics"}
INFO [2023-11-12T09:46:12.152Z]: project_languages
INFO [2023-11-12T09:46:12.152Z]: {"languages":["YAML"],"agent":"cosine-vscode","version":"1.0.7","package":"@cosine/analytics"}
INFO [2023-11-12T09:46:14.187Z]: project_initialize_start
INFO [2023-11-12T09:46:14.187Z]: {"name":"k8s","languages":["YAML","XML","JSON","Markdown"],"ignored":[""],"agent":"cosine-vscode","version":"1.0.7","package":"@cosine/analytics"}
INFO [2023-11-12T09:46:39.582Z]: project_initialize_success
INFO [2023-11-12T09:46:39.583Z]: {"name":"k8s","languages":["YAML","XML","JSON","Markdown"],"ignored":[""],"agent":"cosine-vscode","version":"1.0.7","package":"@cosine/analytics"}
INFO [2023-11-12T09:48:49.291Z]: project_reinitialize_start
INFO [2023-11-12T09:48:49.291Z]: {"agent":"cosine-vscode","version":"1.0.7","package":"@cosine/analytics"}
INFO [2023-11-12T09:48:50.488Z]: project_reinitialize_success
INFO [2023-11-12T09:48:50.488Z]: {"agent":"cosine-vscode","version":"1.0.7","package":"@cosine/analytics"}
INFO [2023-11-12T09:50:44.746Z]: project_reinitialize_start
INFO [2023-11-12T09:50:44.746Z]: {"agent":"cosine-vscode","version":"1.0.7","package":"@cosine/analytics"}
INFO [2023-11-12T09:50:45.770Z]: project_reinitialize_success
INFO [2023-11-12T09:50:45.770Z]: {"agent":"cosine-vscode","version":"1.0.7","package":"@cosine/analytics"}
INFO [2023-11-12T09:50:49.540Z]: project_reinitialize_start
INFO [2023-11-12T09:50:49.540Z]: {"agent":"cosine-vscode","version":"1.0.7","package":"@cosine/analytics"}
INFO [2023-11-12T09:50:50.547Z]: project_reinitialize_success
INFO [2023-11-12T09:50:50.547Z]: {"agent":"cosine-vscode","version":"1.0.7","package":"@cosine/analytics"}
INFO [2023-11-12T09:50:51.975Z]: project_reinitialize_start
INFO [2023-11-12T09:50:51.975Z]: {"agent":"cosine-vscode","version":"1.0.7","package":"@cosine/analytics"}
INFO [2023-11-12T09:50:52.840Z]: project_reinitialize_success
INFO [2023-11-12T09:50:52.840Z]: {"agent":"cosine-vscode","version":"1.0.7","package":"@cosine/analytics"}
INFO [2023-11-12T10:20:03.092Z]: project_reinitialize_start
INFO [2023-11-12T10:20:03.092Z]: {"agent":"cosine-vscode","version":"1.0.7","package":"@cosine/analytics"}
INFO [2023-11-12T10:20:03.249Z]: project_reinitialize_success
INFO [2023-11-12T10:20:03.249Z]: {"agent":"cosine-vscode","version":"1.0.7","package":"@cosine/analytics"}
INFO [2023-11-12T10:20:05.327Z]: project_reinitialize_start
INFO [2023-11-12T10:20:05.327Z]: {"agent":"cosine-vscode","version":"1.0.7","package":"@cosine/analytics"}
INFO [2023-11-12T10:20:06.277Z]: project_reinitialize_success
INFO [2023-11-12T10:20:06.277Z]: {"agent":"cosine-vscode","version":"1.0.7","package":"@cosine/analytics"}
INFO [2023-11-12T10:29:42.794Z]: project_reinitialize_start
INFO [2023-11-12T10:29:42.794Z]: {"agent":"cosine-vscode","version":"1.0.7","package":"@cosine/analytics"}
INFO [2023-11-12T10:29:42.834Z]: project_reinitialize_success
INFO [2023-11-12T10:29:42.834Z]: {"agent":"cosine-vscode","version":"1.0.7","package":"@cosine/analytics"}
INFO [2023-11-12T11:03:02.605Z]: project_reinitialize_start
INFO [2023-11-12T11:03:02.605Z]: {"agent":"cosine-vscode","version":"1.0.7","package":"@cosine/analytics"}
INFO [2023-11-12T11:03:02.757Z]: project_reinitialize_success
INFO [2023-11-12T11:03:02.757Z]: {"agent":"cosine-vscode","version":"1.0.7","package":"@cosine/analytics"}
INFO [2023-11-12T11:03:11.486Z]: project_reinitialize_start
INFO [2023-11-12T11:03:11.486Z]: {"agent":"cosine-vscode","version":"1.0.7","package":"@cosine/analytics"}
INFO [2023-11-12T11:03:11.490Z]: project_reinitialize_start
INFO [2023-11-12T11:03:11.490Z]: {"agent":"cosine-vscode","version":"1.0.7","package":"@cosine/analytics"}
INFO [2023-11-12T11:03:13.738Z]: project_reinitialize_success
INFO [2023-11-12T11:03:13.738Z]: {"agent":"cosine-vscode","version":"1.0.7","package":"@cosine/analytics"}
INFO [2023-11-12T11:03:13.797Z]: project_reinitialize_success
INFO [2023-11-12T11:03:13.797Z]: {"agent":"cosine-vscode","version":"1.0.7","package":"@cosine/analytics"}
INFO [2023-11-12T11:04:31.962Z]: project_reinitialize_start
INFO [2023-11-12T11:04:31.962Z]: {"agent":"cosine-vscode","version":"1.0.7","package":"@cosine/analytics"}
INFO [2023-11-12T11:04:32.826Z]: project_reinitialize_success
INFO [2023-11-12T11:04:32.826Z]: {"agent":"cosine-vscode","version":"1.0.7","package":"@cosine/analytics"}
INFO [2023-11-12T11:06:09.881Z]: project_reinitialize_start
INFO [2023-11-12T11:06:09.882Z]: {"agent":"cosine-vscode","version":"1.0.7","package":"@cosine/analytics"}
INFO [2023-11-12T11:06:10.032Z]: project_reinitialize_success
INFO [2023-11-12T11:06:10.033Z]: {"agent":"cosine-vscode","version":"1.0.7","package":"@cosine/analytics"}
INFO [2023-11-12T11:06:11.161Z]: project_reinitialize_start
INFO [2023-11-12T11:06:11.161Z]: {"agent":"cosine-vscode","version":"1.0.7","package":"@cosine/analytics"}
INFO [2023-11-12T11:06:12.199Z]: project_reinitialize_success
INFO [2023-11-12T11:06:12.199Z]: {"agent":"cosine-vscode","version":"1.0.7","package":"@cosine/analytics"}
INFO [2023-11-12T11:11:34.009Z]: project_reinitialize_start
INFO [2023-11-12T11:11:34.009Z]: {"agent":"cosine-vscode","version":"1.0.7","package":"@cosine/analytics"}
INFO [2023-11-12T11:11:35.494Z]: project_reinitialize_success
INFO [2023-11-12T11:11:35.494Z]: {"agent":"cosine-vscode","version":"1.0.7","package":"@cosine/analytics"}
INFO [2023-11-12T11:34:02.302Z]: project_reinitialize_start
INFO [2023-11-12T11:34:02.302Z]: {"agent":"cosine-vscode","version":"1.0.7","package":"@cosine/analytics"}
INFO [2023-11-12T11:34:04.735Z]: project_reinitialize_success
INFO [2023-11-12T11:34:04.735Z]: {"agent":"cosine-vscode","version":"1.0.7","package":"@cosine/analytics"}
INFO [2023-11-12T16:34:02.680Z]: project_reinitialize_start
INFO [2023-11-12T16:34:02.681Z]: {"agent":"cosine-vscode","version":"1.0.7","package":"@cosine/analytics"}
INFO [2023-11-12T16:34:02.721Z]: project_reinitialize_success
INFO [2023-11-12T16:34:02.721Z]: {"agent":"cosine-vscode","version":"1.0.7","package":"@cosine/analytics"}